[04-Feb-2024 05:01:40 UTC] PHP Warning:  require(C:\Users\mdhemalakhand\Local Sites\butterfly\app\public\wp-content\plugins\butterfly\butterfly.phpincludes/hooks/hook-without-class.php): Failed to open stream: No such file or directory in C:\Users\mdhemalakhand\Local Sites\butterfly\app\public\wp-content\plugins\butterfly\butterfly.php on line 18
[04-Feb-2024 05:01:40 UTC] PHP Fatal error:  Uncaught Error: Failed opening required 'C:\Users\mdhemalakhand\Local Sites\butterfly\app\public\wp-content\plugins\butterfly\butterfly.phpincludes/hooks/hook-without-class.php' (include_path='.:/usr/share/php:/www/wp-content/pear') in C:\Users\mdhemalakhand\Local Sites\butterfly\app\public\wp-content\plugins\butterfly\butterfly.php:18
Stack trace:
#0 C:\Users\mdhemalakhand\Local Sites\butterfly\app\public\wp-admin\includes\plugin.php(2318): include_once()
#1 C:\Users\mdhemalakhand\Local Sites\butterfly\app\public\wp-admin\includes\plugin.php(663): plugin_sandbox_scrape('butterfly/butte...')
#2 C:\Users\mdhemalakhand\Local Sites\butterfly\app\public\wp-admin\plugins.php(58): activate_plugin('butterfly/butte...', 'http://localhos...', false)
#3 {main}
  thrown in C:\Users\mdhemalakhand\Local Sites\butterfly\app\public\wp-content\plugins\butterfly\butterfly.php on line 18
[04-Feb-2024 05:02:13 UTC] PHP Warning:  require(C:\Users\mdhemalakhand\Local Sites\butterfly\app\public\wp-content\plugins\butterflyincludes/hooks/hook-without-class.php): Failed to open stream: No such file or directory in C:\Users\mdhemalakhand\Local Sites\butterfly\app\public\wp-content\plugins\butterfly\butterfly.php on line 18
[04-Feb-2024 05:02:13 UTC] PHP Fatal error:  Uncaught Error: Failed opening required 'C:\Users\mdhemalakhand\Local Sites\butterfly\app\public\wp-content\plugins\butterflyincludes/hooks/hook-without-class.php' (include_path='.:/usr/share/php:/www/wp-content/pear') in C:\Users\mdhemalakhand\Local Sites\butterfly\app\public\wp-content\plugins\butterfly\butterfly.php:18
Stack trace:
#0 C:\Users\mdhemalakhand\Local Sites\butterfly\app\public\wp-admin\includes\plugin.php(2318): include_once()
#1 C:\Users\mdhemalakhand\Local Sites\butterfly\app\public\wp-admin\includes\plugin.php(663): plugin_sandbox_scrape('butterfly/butte...')
#2 C:\Users\mdhemalakhand\Local Sites\butterfly\app\public\wp-admin\plugins.php(58): activate_plugin('butterfly/butte...', 'http://localhos...', false)
#3 {main}
  thrown in C:\Users\mdhemalakhand\Local Sites\butterfly\app\public\wp-content\plugins\butterfly\butterfly.php on line 18
[04-Feb-2024 05:08:25 UTC] PHP Fatal error:  Uncaught Error: Call to undefined function get_ob_clean() in C:\Users\mdhemalakhand\Local Sites\butterfly\app\public\wp-content\plugins\butterfly\includes\hooks\hook-without-class.php:21
Stack trace:
#0 C:\Users\mdhemalakhand\Local Sites\butterfly\app\public\wp-content\plugins\butterfly\butterfly.php(19): require()
#1 C:\Users\mdhemalakhand\Local Sites\butterfly\app\public\wp-settings.php(473): include_once('C:\\Users\\mdhema...')
#2 C:\Users\mdhemalakhand\Local Sites\butterfly\app\public\wp-config.php(104): require_once('C:\\Users\\mdhema...')
#3 C:\Users\mdhemalakhand\Local Sites\butterfly\app\public\wp-load.php(50): require_once('C:\\Users\\mdhema...')
#4 C:\Users\mdhemalakhand\Local Sites\butterfly\app\public\wp-blog-header.php(13): require_once('C:\\Users\\mdhema...')
#5 C:\Users\mdhemalakhand\Local Sites\butterfly\app\public\index.php(17): require('C:\\Users\\mdhema...')
#6 {main}
  thrown in C:\Users\mdhemalakhand\Local Sites\butterfly\app\public\wp-content\plugins\butterfly\includes\hooks\hook-without-class.php on line 21
[04-Feb-2024 05:08:25 UTC] PHP Notice:  Function is_embed was called incorrectly. Conditional query tags do not work before the query is run. Before then, they always return false. Please see <a>Debugging in WordPress</a> for more information. (This message was added in version 3.1.0.) in C:\Users\mdhemalakhand\Local Sites\butterfly\app\public\wp-includes\functions.php on line 6031
[04-Feb-2024 05:08:25 UTC] PHP Notice:  Function is_search was called incorrectly. Conditional query tags do not work before the query is run. Before then, they always return false. Please see <a>Debugging in WordPress</a> for more information. (This message was added in version 3.1.0.) in C:\Users\mdhemalakhand\Local Sites\butterfly\app\public\wp-includes\functions.php on line 6031
[04-Feb-2024 05:08:40 UTC] PHP Fatal error:  Uncaught Error: Call to undefined function get_ob_clean() in C:\Users\mdhemalakhand\Local Sites\butterfly\app\public\wp-content\plugins\butterfly\includes\hooks\hook-without-class.php:21
Stack trace:
#0 C:\Users\mdhemalakhand\Local Sites\butterfly\app\public\wp-content\plugins\butterfly\butterfly.php(19): require()
#1 C:\Users\mdhemalakhand\Local Sites\butterfly\app\public\wp-settings.php(473): include_once('C:\\Users\\mdhema...')
#2 C:\Users\mdhemalakhand\Local Sites\butterfly\app\public\wp-config.php(104): require_once('C:\\Users\\mdhema...')
#3 C:\Users\mdhemalakhand\Local Sites\butterfly\app\public\wp-load.php(50): require_once('C:\\Users\\mdhema...')
#4 C:\Users\mdhemalakhand\Local Sites\butterfly\app\public\wp-blog-header.php(13): require_once('C:\\Users\\mdhema...')
#5 C:\Users\mdhemalakhand\Local Sites\butterfly\app\public\index.php(17): require('C:\\Users\\mdhema...')
#6 {main}
  thrown in C:\Users\mdhemalakhand\Local Sites\butterfly\app\public\wp-content\plugins\butterfly\includes\hooks\hook-without-class.php on line 21
[04-Feb-2024 05:08:40 UTC] PHP Notice:  Function is_embed was called incorrectly. Conditional query tags do not work before the query is run. Before then, they always return false. Please see <a>Debugging in WordPress</a> for more information. (This message was added in version 3.1.0.) in C:\Users\mdhemalakhand\Local Sites\butterfly\app\public\wp-includes\functions.php on line 6031
[04-Feb-2024 05:08:40 UTC] PHP Notice:  Function is_search was called incorrectly. Conditional query tags do not work before the query is run. Before then, they always return false. Please see <a>Debugging in WordPress</a> for more information. (This message was added in version 3.1.0.) in C:\Users\mdhemalakhand\Local Sites\butterfly\app\public\wp-includes\functions.php on line 6031
[04-Feb-2024 05:15:58 UTC] PHP Parse error:  syntax error, unexpected token "<" in C:\Users\mdhemalakhand\Local Sites\butterfly\app\public\wp-content\plugins\butterfly\views\a-regular-hook-form.php on line 14
[04-Feb-2024 05:21:56 UTC] PHP Fatal error:  Uncaught Error: Call to undefined function apply_filter() in C:\Users\mdhemalakhand\Local Sites\butterfly\app\public\wp-content\plugins\butterfly\views\a-regular-hook-form.php:8
Stack trace:
#0 C:\Users\mdhemalakhand\Local Sites\butterfly\app\public\wp-includes\class-wp-hook.php(324): butterfly_insert_form('')
#1 C:\Users\mdhemalakhand\Local Sites\butterfly\app\public\wp-includes\class-wp-hook.php(348): WP_Hook->apply_filters(NULL, Array)
#2 C:\Users\mdhemalakhand\Local Sites\butterfly\app\public\wp-includes\plugin.php(517): WP_Hook->do_action(Array)
#3 C:\Users\mdhemalakhand\Local Sites\butterfly\app\public\wp-settings.php(643): do_action('init')
#4 C:\Users\mdhemalakhand\Local Sites\butterfly\app\public\wp-config.php(104): require_once('C:\\Users\\mdhema...')
#5 C:\Users\mdhemalakhand\Local Sites\butterfly\app\public\wp-load.php(50): require_once('C:\\Users\\mdhema...')
#6 C:\Users\mdhemalakhand\Local Sites\butterfly\app\public\wp-blog-header.php(13): require_once('C:\\Users\\mdhema...')
#7 C:\Users\mdhemalakhand\Local Sites\butterfly\app\public\index.php(17): require('C:\\Users\\mdhema...')
#8 {main}
  thrown in C:\Users\mdhemalakhand\Local Sites\butterfly\app\public\wp-content\plugins\butterfly\views\a-regular-hook-form.php on line 8
[04-Feb-2024 05:21:58 UTC] PHP Fatal error:  Uncaught Error: Call to undefined function apply_filter() in C:\Users\mdhemalakhand\Local Sites\butterfly\app\public\wp-content\plugins\butterfly\views\a-regular-hook-form.php:8
Stack trace:
#0 C:\Users\mdhemalakhand\Local Sites\butterfly\app\public\wp-includes\class-wp-hook.php(324): butterfly_insert_form('')
#1 C:\Users\mdhemalakhand\Local Sites\butterfly\app\public\wp-includes\class-wp-hook.php(348): WP_Hook->apply_filters(NULL, Array)
#2 C:\Users\mdhemalakhand\Local Sites\butterfly\app\public\wp-includes\plugin.php(517): WP_Hook->do_action(Array)
#3 C:\Users\mdhemalakhand\Local Sites\butterfly\app\public\wp-settings.php(643): do_action('init')
#4 C:\Users\mdhemalakhand\Local Sites\butterfly\app\public\wp-config.php(104): require_once('C:\\Users\\mdhema...')
#5 C:\Users\mdhemalakhand\Local Sites\butterfly\app\public\wp-load.php(50): require_once('C:\\Users\\mdhema...')
#6 C:\Users\mdhemalakhand\Local Sites\butterfly\app\public\wp-admin\admin-ajax.php(22): require_once('C:\\Users\\mdhema...')
#7 {main}
  thrown in C:\Users\mdhemalakhand\Local Sites\butterfly\app\public\wp-content\plugins\butterfly\views\a-regular-hook-form.php on line 8
[04-Feb-2024 05:31:21 UTC] PHP Fatal error:  Uncaught Error: Call to undefined function get_ob_clean() in C:\Users\mdhemalakhand\Local Sites\butterfly\app\public\wp-content\plugins\butterfly\includes\hooks\hook-without-class.php:58
Stack trace:
#0 C:\Users\mdhemalakhand\Local Sites\butterfly\app\public\wp-includes\class-wp-hook.php(324): butterfly_update_form_btn('submit')
#1 C:\Users\mdhemalakhand\Local Sites\butterfly\app\public\wp-includes\plugin.php(205): WP_Hook->apply_filters('submit', Array)
#2 C:\Users\mdhemalakhand\Local Sites\butterfly\app\public\wp-content\plugins\butterfly\views\a-regular-hook-form.php(9): apply_filters('hooked/hook-wit...', 'submit')
#3 C:\Users\mdhemalakhand\Local Sites\butterfly\app\public\wp-includes\class-wp-hook.php(324): butterfly_insert_form('')
#4 C:\Users\mdhemalakhand\Local Sites\butterfly\app\public\wp-includes\class-wp-hook.php(348): WP_Hook->apply_filters(NULL, Array)
#5 C:\Users\mdhemalakhand\Local Sites\butterfly\app\public\wp-includes\plugin.php(517): WP_Hook->do_action(Array)
#6 C:\Users\mdhemalakhand\Local Sites\butterfly\app\public\wp-settings.php(643): do_action('init')
#7 C:\Users\mdhemalakhand\Local Sites\butterfly\app\public\wp-config.php(104): require_once('C:\\Users\\mdhema...')
#8 C:\Users\mdhemalakhand\Local Sites\butterfly\app\public\wp-load.php(50): require_once('C:\\Users\\mdhema...')
#9 C:\Users\mdhemalakhand\Local Sites\butterfly\app\public\wp-blog-header.php(13): require_once('C:\\Users\\mdhema...')
#10 C:\Users\mdhemalakhand\Local Sites\butterfly\app\public\index.php(17): require('C:\\Users\\mdhema...')
#11 {main}
  thrown in C:\Users\mdhemalakhand\Local Sites\butterfly\app\public\wp-content\plugins\butterfly\includes\hooks\hook-without-class.php on line 58
[04-Feb-2024 05:46:38 UTC] PHP Fatal error:  Cannot redeclare butterfly_insert_form() (previously declared in C:\Users\mdhemalakhand\Local Sites\butterfly\app\public\wp-content\plugins\butterfly\views\a-regular-hook-form.php:7) in C:\Users\mdhemalakhand\Local Sites\butterfly\app\public\wp-content\plugins\butterfly\views\a-regular-hook-form.php on line 7
[04-Feb-2024 05:48:06 UTC] PHP Parse error:  syntax error, unexpected end of file, expecting "," or ";" in C:\Users\mdhemalakhand\Local Sites\butterfly\app\public\wp-content\plugins\butterfly\views\a-class-hook-form.php on line 16
[04-Feb-2024 05:48:06 UTC] PHP Notice:  Function is_embed was called incorrectly. Conditional query tags do not work before the query is run. Before then, they always return false. Please see <a>Debugging in WordPress</a> for more information. (This message was added in version 3.1.0.) in C:\Users\mdhemalakhand\Local Sites\butterfly\app\public\wp-includes\functions.php on line 6031
[04-Feb-2024 05:48:06 UTC] PHP Notice:  Function is_search was called incorrectly. Conditional query tags do not work before the query is run. Before then, they always return false. Please see <a>Debugging in WordPress</a> for more information. (This message was added in version 3.1.0.) in C:\Users\mdhemalakhand\Local Sites\butterfly\app\public\wp-includes\functions.php on line 6031
[04-Feb-2024 05:50:19 UTC] PHP Fatal error:  Uncaught Error: Call to undefined function get_ob_clean() in C:\Users\mdhemalakhand\Local Sites\butterfly\app\public\wp-content\plugins\butterfly\includes\hooks\hook-with-class-add.php:53
Stack trace:
#0 C:\Users\mdhemalakhand\Local Sites\butterfly\app\public\wp-includes\class-wp-hook.php(324): Butterfly_Hook_Change->butterfly_insert_info_message_in_form('')
#1 C:\Users\mdhemalakhand\Local Sites\butterfly\app\public\wp-includes\class-wp-hook.php(348): WP_Hook->apply_filters('', Array)
#2 C:\Users\mdhemalakhand\Local Sites\butterfly\app\public\wp-includes\plugin.php(517): WP_Hook->do_action(Array)
#3 C:\Users\mdhemalakhand\Local Sites\butterfly\app\public\wp-content\plugins\butterfly\views\a-class-hook-form.php(10): do_action('butterfly_befor...')
#4 C:\Users\mdhemalakhand\Local Sites\butterfly\app\public\wp-includes\class-wp-hook.php(324): butterfly_insert_class_form('')
#5 C:\Users\mdhemalakhand\Local Sites\butterfly\app\public\wp-includes\class-wp-hook.php(348): WP_Hook->apply_filters(NULL, Array)
#6 C:\Users\mdhemalakhand\Local Sites\butterfly\app\public\wp-includes\plugin.php(517): WP_Hook->do_action(Array)
#7 C:\Users\mdhemalakhand\Local Sites\butterfly\app\public\wp-settings.php(643): do_action('init')
#8 C:\Users\mdhemalakhand\Local Sites\butterfly\app\public\wp-config.php(104): require_once('C:\\Users\\mdhema...')
#9 C:\Users\mdhemalakhand\Local Sites\butterfly\app\public\wp-load.php(50): require_once('C:\\Users\\mdhema...')
#10 C:\Users\mdhemalakhand\Local Sites\butterfly\app\public\wp-admin\admin-ajax.php(22): require_once('C:\\Users\\mdhema...')
#11 {main}
  thrown in C:\Users\mdhemalakhand\Local Sites\butterfly\app\public\wp-content\plugins\butterfly\includes\hooks\hook-with-class-add.php on line 53
[04-Feb-2024 05:50:22 UTC] PHP Fatal error:  Uncaught Error: Call to undefined function get_ob_clean() in C:\Users\mdhemalakhand\Local Sites\butterfly\app\public\wp-content\plugins\butterfly\includes\hooks\hook-with-class-add.php:53
Stack trace:
#0 C:\Users\mdhemalakhand\Local Sites\butterfly\app\public\wp-includes\class-wp-hook.php(324): Butterfly_Hook_Change->butterfly_insert_info_message_in_form('')
#1 C:\Users\mdhemalakhand\Local Sites\butterfly\app\public\wp-includes\class-wp-hook.php(348): WP_Hook->apply_filters('', Array)
#2 C:\Users\mdhemalakhand\Local Sites\butterfly\app\public\wp-includes\plugin.php(517): WP_Hook->do_action(Array)
#3 C:\Users\mdhemalakhand\Local Sites\butterfly\app\public\wp-content\plugins\butterfly\views\a-class-hook-form.php(10): do_action('butterfly_befor...')
#4 C:\Users\mdhemalakhand\Local Sites\butterfly\app\public\wp-includes\class-wp-hook.php(324): butterfly_insert_class_form('')
#5 C:\Users\mdhemalakhand\Local Sites\butterfly\app\public\wp-includes\class-wp-hook.php(348): WP_Hook->apply_filters(NULL, Array)
#6 C:\Users\mdhemalakhand\Local Sites\butterfly\app\public\wp-includes\plugin.php(517): WP_Hook->do_action(Array)
#7 C:\Users\mdhemalakhand\Local Sites\butterfly\app\public\wp-settings.php(643): do_action('init')
#8 C:\Users\mdhemalakhand\Local Sites\butterfly\app\public\wp-config.php(104): require_once('C:\\Users\\mdhema...')
#9 C:\Users\mdhemalakhand\Local Sites\butterfly\app\public\wp-load.php(50): require_once('C:\\Users\\mdhema...')
#10 C:\Users\mdhemalakhand\Local Sites\butterfly\app\public\wp-blog-header.php(13): require_once('C:\\Users\\mdhema...')
#11 C:\Users\mdhemalakhand\Local Sites\butterfly\app\public\index.php(17): require('C:\\Users\\mdhema...')
#12 {main}
  thrown in C:\Users\mdhemalakhand\Local Sites\butterfly\app\public\wp-content\plugins\butterfly\includes\hooks\hook-with-class-add.php on line 53
[04-Feb-2024 06:02:19 UTC] PHP Fatal error:  Uncaught TypeError: call_user_func_array(): Argument #1 ($callback) must be a valid callback, class Butterfly_Hook_Change does not have a method "butterfly_change_pass" in C:\Users\mdhemalakhand\Local Sites\butterfly\app\public\wp-includes\class-wp-hook.php:324
Stack trace:
#0 C:\Users\mdhemalakhand\Local Sites\butterfly\app\public\wp-includes\plugin.php(205): WP_Hook->apply_filters('Password', Array)
#1 C:\Users\mdhemalakhand\Local Sites\butterfly\app\public\wp-content\plugins\butterfly\views\a-class-hook-form.php(12): apply_filters('butterfly/class...', 'Password')
#2 C:\Users\mdhemalakhand\Local Sites\butterfly\app\public\wp-includes\class-wp-hook.php(324): butterfly_insert_class_form('')
#3 C:\Users\mdhemalakhand\Local Sites\butterfly\app\public\wp-includes\class-wp-hook.php(348): WP_Hook->apply_filters(NULL, Array)
#4 C:\Users\mdhemalakhand\Local Sites\butterfly\app\public\wp-includes\plugin.php(517): WP_Hook->do_action(Array)
#5 C:\Users\mdhemalakhand\Local Sites\butterfly\app\public\wp-settings.php(643): do_action('init')
#6 C:\Users\mdhemalakhand\Local Sites\butterfly\app\public\wp-config.php(104): require_once('C:\\Users\\mdhema...')
#7 C:\Users\mdhemalakhand\Local Sites\butterfly\app\public\wp-load.php(50): require_once('C:\\Users\\mdhema...')
#8 C:\Users\mdhemalakhand\Local Sites\butterfly\app\public\wp-admin\admin-ajax.php(22): require_once('C:\\Users\\mdhema...')
#9 {main}
  thrown in C:\Users\mdhemalakhand\Local Sites\butterfly\app\public\wp-includes\class-wp-hook.php on line 324
[04-Feb-2024 06:10:18 UTC] PHP Fatal error:  Uncaught TypeError: call_user_func_array(): Argument #1 ($callback) must be a valid callback, array must have exactly two members in C:\Users\mdhemalakhand\Local Sites\butterfly\app\public\wp-includes\class-wp-hook.php:324
Stack trace:
#0 C:\Users\mdhemalakhand\Local Sites\butterfly\app\public\wp-includes\class-wp-hook.php(348): WP_Hook->apply_filters('', Array)
#1 C:\Users\mdhemalakhand\Local Sites\butterfly\app\public\wp-includes\plugin.php(517): WP_Hook->do_action(Array)
#2 C:\Users\mdhemalakhand\Local Sites\butterfly\app\public\wp-content\plugins\butterfly\views\a-class-hook-form.php(10): do_action('butterfly_befor...')
#3 C:\Users\mdhemalakhand\Local Sites\butterfly\app\public\wp-includes\class-wp-hook.php(324): butterfly_insert_class_form('')
#4 C:\Users\mdhemalakhand\Local Sites\butterfly\app\public\wp-includes\class-wp-hook.php(348): WP_Hook->apply_filters(NULL, Array)
#5 C:\Users\mdhemalakhand\Local Sites\butterfly\app\public\wp-includes\plugin.php(517): WP_Hook->do_action(Array)
#6 C:\Users\mdhemalakhand\Local Sites\butterfly\app\public\wp-settings.php(643): do_action('init')
#7 C:\Users\mdhemalakhand\Local Sites\butterfly\app\public\wp-config.php(104): require_once('C:\\Users\\mdhema...')
#8 C:\Users\mdhemalakhand\Local Sites\butterfly\app\public\wp-load.php(50): require_once('C:\\Users\\mdhema...')
#9 C:\Users\mdhemalakhand\Local Sites\butterfly\app\public\wp-blog-header.php(13): require_once('C:\\Users\\mdhema...')
#10 C:\Users\mdhemalakhand\Local Sites\butterfly\app\public\index.php(17): require('C:\\Users\\mdhema...')
#11 {main}
  thrown in C:\Users\mdhemalakhand\Local Sites\butterfly\app\public\wp-includes\class-wp-hook.php on line 324
[04-Feb-2024 06:10:19 UTC] PHP Fatal error:  Uncaught TypeError: call_user_func_array(): Argument #1 ($callback) must be a valid callback, array must have exactly two members in C:\Users\mdhemalakhand\Local Sites\butterfly\app\public\wp-includes\class-wp-hook.php:324
Stack trace:
#0 C:\Users\mdhemalakhand\Local Sites\butterfly\app\public\wp-includes\class-wp-hook.php(348): WP_Hook->apply_filters('', Array)
#1 C:\Users\mdhemalakhand\Local Sites\butterfly\app\public\wp-includes\plugin.php(517): WP_Hook->do_action(Array)
#2 C:\Users\mdhemalakhand\Local Sites\butterfly\app\public\wp-content\plugins\butterfly\views\a-class-hook-form.php(10): do_action('butterfly_befor...')
#3 C:\Users\mdhemalakhand\Local Sites\butterfly\app\public\wp-includes\class-wp-hook.php(324): butterfly_insert_class_form('')
#4 C:\Users\mdhemalakhand\Local Sites\butterfly\app\public\wp-includes\class-wp-hook.php(348): WP_Hook->apply_filters(NULL, Array)
#5 C:\Users\mdhemalakhand\Local Sites\butterfly\app\public\wp-includes\plugin.php(517): WP_Hook->do_action(Array)
#6 C:\Users\mdhemalakhand\Local Sites\butterfly\app\public\wp-settings.php(643): do_action('init')
#7 C:\Users\mdhemalakhand\Local Sites\butterfly\app\public\wp-config.php(104): require_once('C:\\Users\\mdhema...')
#8 C:\Users\mdhemalakhand\Local Sites\butterfly\app\public\wp-load.php(50): require_once('C:\\Users\\mdhema...')
#9 C:\Users\mdhemalakhand\Local Sites\butterfly\app\public\wp-admin\admin-ajax.php(22): require_once('C:\\Users\\mdhema...')
#10 {main}
  thrown in C:\Users\mdhemalakhand\Local Sites\butterfly\app\public\wp-includes\class-wp-hook.php on line 324
[04-Feb-2024 06:10:50 UTC] PHP Fatal error:  Uncaught TypeError: call_user_func_array(): Argument #1 ($callback) must be a valid callback, array must have exactly two members in C:\Users\mdhemalakhand\Local Sites\butterfly\app\public\wp-includes\class-wp-hook.php:324
Stack trace:
#0 C:\Users\mdhemalakhand\Local Sites\butterfly\app\public\wp-includes\class-wp-hook.php(348): WP_Hook->apply_filters('', Array)
#1 C:\Users\mdhemalakhand\Local Sites\butterfly\app\public\wp-includes\plugin.php(517): WP_Hook->do_action(Array)
#2 C:\Users\mdhemalakhand\Local Sites\butterfly\app\public\wp-content\plugins\butterfly\views\a-class-hook-form.php(10): do_action('butterfly_befor...')
#3 C:\Users\mdhemalakhand\Local Sites\butterfly\app\public\wp-includes\class-wp-hook.php(324): butterfly_insert_class_form('')
#4 C:\Users\mdhemalakhand\Local Sites\butterfly\app\public\wp-includes\class-wp-hook.php(348): WP_Hook->apply_filters(NULL, Array)
#5 C:\Users\mdhemalakhand\Local Sites\butterfly\app\public\wp-includes\plugin.php(517): WP_Hook->do_action(Array)
#6 C:\Users\mdhemalakhand\Local Sites\butterfly\app\public\wp-settings.php(643): do_action('init')
#7 C:\Users\mdhemalakhand\Local Sites\butterfly\app\public\wp-config.php(104): require_once('C:\\Users\\mdhema...')
#8 C:\Users\mdhemalakhand\Local Sites\butterfly\app\public\wp-load.php(50): require_once('C:\\Users\\mdhema...')
#9 C:\Users\mdhemalakhand\Local Sites\butterfly\app\public\wp-blog-header.php(13): require_once('C:\\Users\\mdhema...')
#10 C:\Users\mdhemalakhand\Local Sites\butterfly\app\public\index.php(17): require('C:\\Users\\mdhema...')
#11 {main}
  thrown in C:\Users\mdhemalakhand\Local Sites\butterfly\app\public\wp-includes\class-wp-hook.php on line 324
[04-Feb-2024 07:31:21 UTC] PHP Fatal error:  Uncaught TypeError: Illegal offset type in isset or empty in C:\Users\mdhemalakhand\Local Sites\butterfly\app\public\wp-includes\class-wp-hook.php:279
Stack trace:
#0 C:\Users\mdhemalakhand\Local Sites\butterfly\app\public\wp-includes\plugin.php(345): WP_Hook->remove_all_filters(Array)
#1 C:\Users\mdhemalakhand\Local Sites\butterfly\app\public\wp-includes\plugin.php(627): remove_all_filters('butterfly_befor...', Array)
#2 C:\Users\mdhemalakhand\Local Sites\butterfly\app\public\wp-content\plugins\butterfly\includes\hooks\hook-with-class-remove.php(39): remove_all_actions('butterfly_befor...', Array)
#3 C:\Users\mdhemalakhand\Local Sites\butterfly\app\public\wp-content\plugins\butterfly\includes\hooks\hook-with-class-remove.php(32): Butterfly_Remove_Class->init_actions()
#4 C:\Users\mdhemalakhand\Local Sites\butterfly\app\public\wp-content\plugins\butterfly\includes\hooks\hook-with-class-remove.php(42): Butterfly_Remove_Class->__construct()
#5 C:\Users\mdhemalakhand\Local Sites\butterfly\app\public\wp-content\plugins\butterfly\butterfly.php(31): include('C:\\Users\\mdhema...')
#6 C:\Users\mdhemalakhand\Local Sites\butterfly\app\public\wp-settings.php(473): include_once('C:\\Users\\mdhema...')
#7 C:\Users\mdhemalakhand\Local Sites\butterfly\app\public\wp-config.php(104): require_once('C:\\Users\\mdhema...')
#8 C:\Users\mdhemalakhand\Local Sites\butterfly\app\public\wp-load.php(50): require_once('C:\\Users\\mdhema...')
#9 C:\Users\mdhemalakhand\Local Sites\butterfly\app\public\wp-admin\admin-ajax.php(22): require_once('C:\\Users\\mdhema...')
#10 {main}
  thrown in C:\Users\mdhemalakhand\Local Sites\butterfly\app\public\wp-includes\class-wp-hook.php on line 279
[04-Feb-2024 07:31:24 UTC] PHP Fatal error:  Uncaught TypeError: Illegal offset type in isset or empty in C:\Users\mdhemalakhand\Local Sites\butterfly\app\public\wp-includes\class-wp-hook.php:279
Stack trace:
#0 C:\Users\mdhemalakhand\Local Sites\butterfly\app\public\wp-includes\plugin.php(345): WP_Hook->remove_all_filters(Array)
#1 C:\Users\mdhemalakhand\Local Sites\butterfly\app\public\wp-includes\plugin.php(627): remove_all_filters('butterfly_befor...', Array)
#2 C:\Users\mdhemalakhand\Local Sites\butterfly\app\public\wp-content\plugins\butterfly\includes\hooks\hook-with-class-remove.php(39): remove_all_actions('butterfly_befor...', Array)
#3 C:\Users\mdhemalakhand\Local Sites\butterfly\app\public\wp-content\plugins\butterfly\includes\hooks\hook-with-class-remove.php(32): Butterfly_Remove_Class->init_actions()
#4 C:\Users\mdhemalakhand\Local Sites\butterfly\app\public\wp-content\plugins\butterfly\includes\hooks\hook-with-class-remove.php(42): Butterfly_Remove_Class->__construct()
#5 C:\Users\mdhemalakhand\Local Sites\butterfly\app\public\wp-content\plugins\butterfly\butterfly.php(31): include('C:\\Users\\mdhema...')
#6 C:\Users\mdhemalakhand\Local Sites\butterfly\app\public\wp-settings.php(473): include_once('C:\\Users\\mdhema...')
#7 C:\Users\mdhemalakhand\Local Sites\butterfly\app\public\wp-config.php(104): require_once('C:\\Users\\mdhema...')
#8 C:\Users\mdhemalakhand\Local Sites\butterfly\app\public\wp-load.php(50): require_once('C:\\Users\\mdhema...')
#9 C:\Users\mdhemalakhand\Local Sites\butterfly\app\public\wp-blog-header.php(13): require_once('C:\\Users\\mdhema...')
#10 C:\Users\mdhemalakhand\Local Sites\butterfly\app\public\index.php(17): require('C:\\Users\\mdhema...')
#11 {main}
  thrown in C:\Users\mdhemalakhand\Local Sites\butterfly\app\public\wp-includes\class-wp-hook.php on line 279
[04-Feb-2024 07:31:24 UTC] PHP Notice:  Function is_embed was called incorrectly. Conditional query tags do not work before the query is run. Before then, they always return false. Please see <a>Debugging in WordPress</a> for more information. (This message was added in version 3.1.0.) in C:\Users\mdhemalakhand\Local Sites\butterfly\app\public\wp-includes\functions.php on line 6031
[04-Feb-2024 07:31:24 UTC] PHP Notice:  Function is_search was called incorrectly. Conditional query tags do not work before the query is run. Before then, they always return false. Please see <a>Debugging in WordPress</a> for more information. (This message was added in version 3.1.0.) in C:\Users\mdhemalakhand\Local Sites\butterfly\app\public\wp-includes\functions.php on line 6031
[04-Feb-2024 11:36:01 UTC] PHP Fatal error:  Uncaught Error: Class "Butterfly_Hook_Change" not found in C:\Users\mdhemalakhand\Local Sites\butterfly\app\public\wp-content\plugins\butterfly\includes\hooks\hook-with-class-remove.php:39
Stack trace:
#0 C:\Users\mdhemalakhand\Local Sites\butterfly\app\public\wp-content\plugins\butterfly\includes\hooks\hook-with-class-remove.php(32): Butterfly_Remove_Class->init_hooks()
#1 C:\Users\mdhemalakhand\Local Sites\butterfly\app\public\wp-content\plugins\butterfly\includes\hooks\hook-with-class-remove.php(44): Butterfly_Remove_Class->__construct()
#2 C:\Users\mdhemalakhand\Local Sites\butterfly\app\public\wp-content\plugins\butterfly\butterfly.php(31): include('C:\\Users\\mdhema...')
#3 C:\Users\mdhemalakhand\Local Sites\butterfly\app\public\wp-settings.php(473): include_once('C:\\Users\\mdhema...')
#4 C:\Users\mdhemalakhand\Local Sites\butterfly\app\public\wp-config.php(104): require_once('C:\\Users\\mdhema...')
#5 C:\Users\mdhemalakhand\Local Sites\butterfly\app\public\wp-load.php(50): require_once('C:\\Users\\mdhema...')
#6 C:\Users\mdhemalakhand\Local Sites\butterfly\app\public\wp-admin\admin-ajax.php(22): require_once('C:\\Users\\mdhema...')
#7 {main}
  thrown in C:\Users\mdhemalakhand\Local Sites\butterfly\app\public\wp-content\plugins\butterfly\includes\hooks\hook-with-class-remove.php on line 39
